This is pdfTeX, Version 3.141592653-2.6-1.40.26 (TeX Live 2024/nixos.org) (preloaded format=pdflatex 1980.1.1)  15 MAY 2025 22:01
entering extended mode
 restricted \write18 enabled.
 file:line:error style messages enabled.
 %&-line parsing enabled.
**/home/pedro/Documentos/GitHub/quanticacomp/projeto1/relatorio/P1-5255417-relatorio.tex
(/home/pedro/Documentos/GitHub/quanticacomp/projeto1/relatorio/P1-5255417-relatorio.tex
LaTeX2e <2024-06-01> patch level 2
L3 programming layer <2024-10-09>
(/nix/store/sc5p4q3ajvk3586nnrj1iw87698zpgwl-texlive-2024-env-texmfdist/tex/latex/base/article.cls
Document Class: article 2024/02/08 v1.4n Standard LaTeX document class
(/nix/store/sc5p4q3ajvk3586nnrj1iw87698zpgwl-texlive-2024-env-texmfdist/tex/latex/base/size12.clo
File: size12.clo 2024/02/08 v1.4n Standard LaTeX file (size option)
)
\c@part=\count194
\c@section=\count195
\c@subsection=\count196
\c@subsubsection=\count197
\c@paragraph=\count198
\c@subparagraph=\count199
\c@figure=\count266
\c@table=\count267
\abovecaptionskip=\skip49
\belowcaptionskip=\skip50
\bibindent=\dimen141
) (/nix/store/sc5p4q3ajvk3586nnrj1iw87698zpgwl-texlive-2024-env-texmfdist/tex/latex/base/inputenc.sty
Package: inputenc 2024/02/08 v1.3d Input encoding file
\inpenc@prehook=\toks17
\inpenc@posthook=\toks18
) (/nix/store/sc5p4q3ajvk3586nnrj1iw87698zpgwl-texlive-2024-env-texmfdist/tex/latex/tools/indentfirst.sty
Package: indentfirst 2023/07/02 v1.03 Indent first paragraph (DPC)
) (/nix/store/sc5p4q3ajvk3586nnrj1iw87698zpgwl-texlive-2024-env-texmfdist/tex/generic/babel/babel.sty
Package: babel 2024/10/20 v24.12 The multilingual framework for pdfLaTeX, LuaLaTeX and XeLaTeX
\babel@savecnt=\count268
\U@D=\dimen142
\l@unhyphenated=\language89
 (/nix/store/sc5p4q3ajvk3586nnrj1iw87698zpgwl-texlive-2024-env-texmfdist/tex/generic/babel/txtbabel.def)
\bbl@readstream=\read2
\bbl@dirlevel=\count269
 (/nix/store/sc5p4q3ajvk3586nnrj1iw87698zpgwl-texlive-2024-env-texmfdist/tex/generic/babel-portuges/brazilian.ldf
Language: portuges 2021/07/09 v1.2t Portuguese support from the babel system
Package babel Info: Hyphen rules for 'brazilian' set to \l@portuguese
(babel)             (\language72). Reported on input line 111.
Package babel Info: Making " an active character on input line 143.
)) (/nix/store/sc5p4q3ajvk3586nnrj1iw87698zpgwl-texlive-2024-env-texmfdist/tex/generic/babel/locale/pt/babel-brazilian.tex
Package babel Info: Importing font and identification data for brazilian
(babel)             from babel-pt-BR.ini. Reported on input line 11.
) (/nix/store/sc5p4q3ajvk3586nnrj1iw87698zpgwl-texlive-2024-env-texmfdist/tex/latex/amsmath/amsmath.sty
Package: amsmath 2024/05/23 v2.17q AMS math features
\@mathmargin=\skip51

For additional information on amsmath, use the `?' option.
(/nix/store/sc5p4q3ajvk3586nnrj1iw87698zpgwl-texlive-2024-env-texmfdist/tex/latex/amsmath/amstext.sty
Package: amstext 2021/08/26 v2.01 AMS text
 (/nix/store/sc5p4q3ajvk3586nnrj1iw87698zpgwl-texlive-2024-env-texmfdist/tex/latex/amsmath/amsgen.sty
File: amsgen.sty 1999/11/30 v2.0 generic functions
\@emptytoks=\toks19
\ex@=\dimen143
)) (/nix/store/sc5p4q3ajvk3586nnrj1iw87698zpgwl-texlive-2024-env-texmfdist/tex/latex/amsmath/amsbsy.sty
Package: amsbsy 1999/11/29 v1.2d Bold Symbols
\pmbraise@=\dimen144
) (/nix/store/sc5p4q3ajvk3586nnrj1iw87698zpgwl-texlive-2024-env-texmfdist/tex/latex/amsmath/amsopn.sty
Package: amsopn 2022/04/08 v2.04 operator names
)
\inf@bad=\count270
LaTeX Info: Redefining \frac on input line 233.
\uproot@=\count271
\leftroot@=\count272
LaTeX Info: Redefining \overline on input line 398.
LaTeX Info: Redefining \colon on input line 409.
\classnum@=\count273
\DOTSCASE@=\count274
LaTeX Info: Redefining \ldots on input line 495.
LaTeX Info: Redefining \dots on input line 498.
LaTeX Info: Redefining \cdots on input line 619.
\Mathstrutbox@=\box52
\strutbox@=\box53
LaTeX Info: Redefining \big on input line 721.
LaTeX Info: Redefining \Big on input line 722.
LaTeX Info: Redefining \bigg on input line 723.
LaTeX Info: Redefining \Bigg on input line 724.
\big@size=\dimen145
LaTeX Font Info:    Redeclaring font encoding OML on input line 742.
LaTeX Font Info:    Redeclaring font encoding OMS on input line 743.
\macc@depth=\count275
LaTeX Info: Redefining \bmod on input line 904.
LaTeX Info: Redefining \pmod on input line 909.
LaTeX Info: Redefining \smash on input line 939.
LaTeX Info: Redefining \relbar on input line 969.
LaTeX Info: Redefining \Relbar on input line 970.
\c@MaxMatrixCols=\count276
\dotsspace@=\muskip17
\c@parentequation=\count277
\dspbrk@lvl=\count278
\tag@help=\toks20
\row@=\count279
\column@=\count280
\maxfields@=\count281
\andhelp@=\toks21
\eqnshift@=\dimen146
\alignsep@=\dimen147
\tagshift@=\dimen148
\tagwidth@=\dimen149
\totwidth@=\dimen150
\lineht@=\dimen151
\@envbody=\toks22
\multlinegap=\skip52
\multlinetaggap=\skip53
\mathdisplay@stack=\toks23
LaTeX Info: Redefining \[ on input line 2953.
LaTeX Info: Redefining \] on input line 2954.
) (/nix/store/sc5p4q3ajvk3586nnrj1iw87698zpgwl-texlive-2024-env-texmfdist/tex/latex/geometry/geometry.sty
Package: geometry 2020/01/02 v5.9 Page Geometry
 (/nix/store/sc5p4q3ajvk3586nnrj1iw87698zpgwl-texlive-2024-env-texmfdist/tex/latex/graphics/keyval.sty
Package: keyval 2022/05/29 v1.15 key=value parser (DPC)
\KV@toks@=\toks24
) (/nix/store/sc5p4q3ajvk3586nnrj1iw87698zpgwl-texlive-2024-env-texmfdist/tex/generic/iftex/ifvtex.sty
Package: ifvtex 2019/10/25 v1.7 ifvtex legacy package. Use iftex instead.
 (/nix/store/sc5p4q3ajvk3586nnrj1iw87698zpgwl-texlive-2024-env-texmfdist/tex/generic/iftex/iftex.sty
Package: iftex 2022/02/03 v1.0f TeX engine tests
))
\Gm@cnth=\count282
\Gm@cntv=\count283
\c@Gm@tempcnt=\count284
\Gm@bindingoffset=\dimen152
\Gm@wd@mp=\dimen153
\Gm@odd@mp=\dimen154
\Gm@even@mp=\dimen155
\Gm@layoutwidth=\dimen156
\Gm@layoutheight=\dimen157
\Gm@layouthoffset=\dimen158
\Gm@layoutvoffset=\dimen159
\Gm@dimlist=\toks25
) (/nix/store/sc5p4q3ajvk3586nnrj1iw87698zpgwl-texlive-2024-env-texmfdist/tex/latex/tools/multicol.sty
Package: multicol 2024/05/23 v1.9h multicolumn formatting (FMi)
\c@tracingmulticols=\count285
\mult@box=\box54
\multicol@leftmargin=\dimen160
\c@unbalance=\count286
\c@collectmore=\count287
\doublecol@number=\count288
\multicoltolerance=\count289
\multicolpretolerance=\count290
\full@width=\dimen161
\page@free=\dimen162
\premulticols=\dimen163
\postmulticols=\dimen164
\multicolsep=\skip54
\multicolbaselineskip=\skip55
\partial@page=\box55
\last@line=\box56
\mc@boxedresult=\box57
\maxbalancingoverflow=\dimen165
\mult@rightbox=\box58
\mult@grightbox=\box59
\mult@firstbox=\box60
\mult@gfirstbox=\box61
\@tempa=\box62
\@tempa=\box63
\@tempa=\box64
\@tempa=\box65
\@tempa=\box66
\@tempa=\box67
\@tempa=\box68
\@tempa=\box69
\@tempa=\box70
\@tempa=\box71
\@tempa=\box72
\@tempa=\box73
\@tempa=\box74
\@tempa=\box75
\@tempa=\box76
\@tempa=\box77
\@tempa=\box78
\@tempa=\box79
\@tempa=\box80
\@tempa=\box81
\@tempa=\box82
\@tempa=\box83
\@tempa=\box84
\@tempa=\box85
\@tempa=\box86
\@tempa=\box87
\@tempa=\box88
\@tempa=\box89
\@tempa=\box90
\@tempa=\box91
\@tempa=\box92
\@tempa=\box93
\@tempa=\box94
\@tempa=\box95
\@tempa=\box96
\@tempa=\box97
\c@minrows=\count291
\c@columnbadness=\count292
\c@finalcolumnbadness=\count293
\last@try=\dimen166
\multicolovershoot=\dimen167
\multicolundershoot=\dimen168
\mult@nat@firstbox=\box98
\colbreak@box=\box99
\mc@col@check@num=\count294
) (/nix/store/sc5p4q3ajvk3586nnrj1iw87698zpgwl-texlive-2024-env-texmfdist/tex/latex/graphics/graphicx.sty
Package: graphicx 2021/09/16 v1.2d Enhanced LaTeX Graphics (DPC,SPQR)
 (/nix/store/sc5p4q3ajvk3586nnrj1iw87698zpgwl-texlive-2024-env-texmfdist/tex/latex/graphics/graphics.sty
Package: graphics 2024/05/23 v1.4g Standard LaTeX Graphics (DPC,SPQR)
 (/nix/store/sc5p4q3ajvk3586nnrj1iw87698zpgwl-texlive-2024-env-texmfdist/tex/latex/graphics/trig.sty
Package: trig 2023/12/02 v1.11 sin cos tan (DPC)
) (/nix/store/sc5p4q3ajvk3586nnrj1iw87698zpgwl-texlive-2024-env-texmfdist/tex/latex/graphics-cfg/graphics.cfg
File: graphics.cfg 2016/06/04 v1.11 sample graphics configuration
)
Package graphics Info: Driver file: pdftex.def on input line 106.
 (/nix/store/sc5p4q3ajvk3586nnrj1iw87698zpgwl-texlive-2024-env-texmfdist/tex/latex/graphics-def/pdftex.def
File: pdftex.def 2024/04/13 v1.2c Graphics/color driver for pdftex
))
\Gin@req@height=\dimen169
\Gin@req@width=\dimen170
) (/nix/store/sc5p4q3ajvk3586nnrj1iw87698zpgwl-texlive-2024-env-texmfdist/tex/latex/subfig/subfig.sty
Package: subfig 2005/06/28 ver: 1.3 subfig package
 (/nix/store/sc5p4q3ajvk3586nnrj1iw87698zpgwl-texlive-2024-env-texmfdist/tex/latex/caption/caption.sty
Package: caption 2023/08/05 v3.6o Customizing captions (AR)
 (/nix/store/sc5p4q3ajvk3586nnrj1iw87698zpgwl-texlive-2024-env-texmfdist/tex/latex/caption/caption3.sty
Package: caption3 2023/07/31 v2.4d caption3 kernel (AR)
\caption@tempdima=\dimen171
\captionmargin=\dimen172
\caption@leftmargin=\dimen173
\caption@rightmargin=\dimen174
\caption@width=\dimen175
\caption@indent=\dimen176
\caption@parindent=\dimen177
\caption@hangindent=\dimen178
Package caption Info: Standard document class detected.
)
\c@caption@flags=\count295
\c@continuedfloat=\count296
)
\c@KVtest=\count297
\sf@farskip=\skip56
\sf@captopadj=\dimen179
\sf@capskip=\skip57
\sf@nearskip=\skip58
\c@subfigure=\count298
\c@subfigure@save=\count299
\c@lofdepth=\count300
\c@subtable=\count301
\c@subtable@save=\count302
\c@lotdepth=\count303
\sf@top=\skip59
\sf@bottom=\skip60
) (/nix/store/sc5p4q3ajvk3586nnrj1iw87698zpgwl-texlive-2024-env-texmfdist/tex/latex/booktabs/booktabs.sty
Package: booktabs 2020/01/12 v1.61803398 Publication quality tables
\heavyrulewidth=\dimen180
\lightrulewidth=\dimen181
\cmidrulewidth=\dimen182
\belowrulesep=\dimen183
\belowbottomsep=\dimen184
\aboverulesep=\dimen185
\abovetopsep=\dimen186
\cmidrulesep=\dimen187
\cmidrulekern=\dimen188
\defaultaddspace=\dimen189
\@cmidla=\count304
\@cmidlb=\count305
\@aboverulesep=\dimen190
\@belowrulesep=\dimen191
\@thisruleclass=\count306
\@lastruleclass=\count307
\@thisrulewidth=\dimen192
) (/nix/store/sc5p4q3ajvk3586nnrj1iw87698zpgwl-texlive-2024-env-texmfdist/tex/latex/hyperref/hyperref.sty
Package: hyperref 2024-07-10 v7.01j Hypertext links for LaTeX
 (/nix/store/sc5p4q3ajvk3586nnrj1iw87698zpgwl-texlive-2024-env-texmfdist/tex/latex/kvsetkeys/kvsetkeys.sty
Package: kvsetkeys 2022-10-05 v1.19 Key value parser (HO)
) (/nix/store/sc5p4q3ajvk3586nnrj1iw87698zpgwl-texlive-2024-env-texmfdist/tex/generic/kvdefinekeys/kvdefinekeys.sty
Package: kvdefinekeys 2019-12-19 v1.6 Define keys (HO)
) (/nix/store/sc5p4q3ajvk3586nnrj1iw87698zpgwl-texlive-2024-env-texmfdist/tex/generic/pdfescape/pdfescape.sty
Package: pdfescape 2019/12/09 v1.15 Implements pdfTeX's escape features (HO)
 (/nix/store/sc5p4q3ajvk3586nnrj1iw87698zpgwl-texlive-2024-env-texmfdist/tex/generic/ltxcmds/ltxcmds.sty
Package: ltxcmds 2023-12-04 v1.26 LaTeX kernel commands for general use (HO)
) (/nix/store/sc5p4q3ajvk3586nnrj1iw87698zpgwl-texlive-2024-env-texmfdist/tex/generic/pdftexcmds/pdftexcmds.sty
Package: pdftexcmds 2020-06-27 v0.33 Utility functions of pdfTeX for LuaTeX (HO)
 (/nix/store/sc5p4q3ajvk3586nnrj1iw87698zpgwl-texlive-2024-env-texmfdist/tex/generic/infwarerr/infwarerr.sty
Package: infwarerr 2019/12/03 v1.5 Providing info/warning/error messages (HO)
)
Package pdftexcmds Info: \pdf@primitive is available.
Package pdftexcmds Info: \pdf@ifprimitive is available.
Package pdftexcmds Info: \pdfdraftmode found.
)) (/nix/store/sc5p4q3ajvk3586nnrj1iw87698zpgwl-texlive-2024-env-texmfdist/tex/latex/hycolor/hycolor.sty
Package: hycolor 2020-01-27 v1.10 Color options for hyperref/bookmark (HO)
) (/nix/store/sc5p4q3ajvk3586nnrj1iw87698zpgwl-texlive-2024-env-texmfdist/tex/latex/hyperref/nameref.sty
Package: nameref 2023-11-26 v2.56 Cross-referencing by name of section
 (/nix/store/sc5p4q3ajvk3586nnrj1iw87698zpgwl-texlive-2024-env-texmfdist/tex/latex/refcount/refcount.sty
Package: refcount 2019/12/15 v3.6 Data extraction from label references (HO)
) (/nix/store/sc5p4q3ajvk3586nnrj1iw87698zpgwl-texlive-2024-env-texmfdist/tex/generic/gettitlestring/gettitlestring.sty
Package: gettitlestring 2019/12/15 v1.6 Cleanup title references (HO)
 (/nix/store/sc5p4q3ajvk3586nnrj1iw87698zpgwl-texlive-2024-env-texmfdist/tex/latex/kvoptions/kvoptions.sty
Package: kvoptions 2022-06-15 v3.15 Key value format for package options (HO)
))
\c@section@level=\count308
) (/nix/store/sc5p4q3ajvk3586nnrj1iw87698zpgwl-texlive-2024-env-texmfdist/tex/latex/etoolbox/etoolbox.sty
Package: etoolbox 2020/10/05 v2.5k e-TeX tools for LaTeX (JAW)
\etb@tempcnta=\count309
) (/nix/store/sc5p4q3ajvk3586nnrj1iw87698zpgwl-texlive-2024-env-texmfdist/tex/generic/stringenc/stringenc.sty
Package: stringenc 2019/11/29 v1.12 Convert strings between diff. encodings (HO)
)
\@linkdim=\dimen193
\Hy@linkcounter=\count310
\Hy@pagecounter=\count311
 (/nix/store/sc5p4q3ajvk3586nnrj1iw87698zpgwl-texlive-2024-env-texmfdist/tex/latex/hyperref/pd1enc.def
File: pd1enc.def 2024-07-10 v7.01j Hyperref: PDFDocEncoding definition (HO)
Now handling font encoding PD1 ...
... no UTF-8 mapping file for font encoding PD1
) (/nix/store/sc5p4q3ajvk3586nnrj1iw87698zpgwl-texlive-2024-env-texmfdist/tex/generic/intcalc/intcalc.sty
Package: intcalc 2019/12/15 v1.3 Expandable calculations with integers (HO)
)
\Hy@SavedSpaceFactor=\count312
 (/nix/store/sc5p4q3ajvk3586nnrj1iw87698zpgwl-texlive-2024-env-texmfdist/tex/latex/hyperref/puenc.def
File: puenc.def 2024-07-10 v7.01j Hyperref: PDF Unicode definition (HO)
Now handling font encoding PU ...
... no UTF-8 mapping file for font encoding PU
)
Package hyperref Info: Hyper figures OFF on input line 4157.
Package hyperref Info: Link nesting OFF on input line 4162.
Package hyperref Info: Hyper index ON on input line 4165.
Package hyperref Info: Plain pages OFF on input line 4172.
Package hyperref Info: Backreferencing OFF on input line 4177.
Package hyperref Info: Implicit mode ON; LaTeX internals redefined.
Package hyperref Info: Bookmarks ON on input line 4424.
\c@Hy@tempcnt=\count313
 (/nix/store/sc5p4q3ajvk3586nnrj1iw87698zpgwl-texlive-2024-env-texmfdist/tex/latex/url/url.sty
\Urlmuskip=\muskip18
Package: url 2013/09/16  ver 3.4  Verb mode for urls, etc.
)
LaTeX Info: Redefining \url on input line 4763.
\XeTeXLinkMargin=\dimen194
 (/nix/store/sc5p4q3ajvk3586nnrj1iw87698zpgwl-texlive-2024-env-texmfdist/tex/generic/bitset/bitset.sty
Package: bitset 2019/12/09 v1.3 Handle bit-vector datatype (HO)
 (/nix/store/sc5p4q3ajvk3586nnrj1iw87698zpgwl-texlive-2024-env-texmfdist/tex/generic/bigintcalc/bigintcalc.sty
Package: bigintcalc 2019/12/15 v1.5 Expandable calculations on big integers (HO)
))
\Fld@menulength=\count314
\Field@Width=\dimen195
\Fld@charsize=\dimen196
Package hyperref Info: Hyper figures OFF on input line 6042.
Package hyperref Info: Link nesting OFF on input line 6047.
Package hyperref Info: Hyper index ON on input line 6050.
Package hyperref Info: backreferencing OFF on input line 6057.
Package hyperref Info: Link coloring OFF on input line 6062.
Package hyperref Info: Link coloring with OCG OFF on input line 6067.
Package hyperref Info: PDF/A mode OFF on input line 6072.
 (/nix/store/sc5p4q3ajvk3586nnrj1iw87698zpgwl-texlive-2024-env-texmfdist/tex/latex/base/atbegshi-ltx.sty
Package: atbegshi-ltx 2021/01/10 v1.0c Emulation of the original atbegshi
package with kernel methods
)
\Hy@abspage=\count315
\c@Item=\count316
\c@Hfootnote=\count317
)
Package hyperref Info: Driver (autodetected): hpdftex.
 (/nix/store/sc5p4q3ajvk3586nnrj1iw87698zpgwl-texlive-2024-env-texmfdist/tex/latex/hyperref/hpdftex.def
File: hpdftex.def 2024-07-10 v7.01j Hyperref driver for pdfTeX
 (/nix/store/sc5p4q3ajvk3586nnrj1iw87698zpgwl-texlive-2024-env-texmfdist/tex/latex/base/atveryend-ltx.sty
Package: atveryend-ltx 2020/08/19 v1.0a Emulation of the original atveryend package
with kernel methods
)
\Fld@listcount=\count318
\c@bookmark@seq@number=\count319
 (/nix/store/sc5p4q3ajvk3586nnrj1iw87698zpgwl-texlive-2024-env-texmfdist/tex/latex/rerunfilecheck/rerunfilecheck.sty
Package: rerunfilecheck 2022-07-10 v1.10 Rerun checks for auxiliary files (HO)
 (/nix/store/sc5p4q3ajvk3586nnrj1iw87698zpgwl-texlive-2024-env-texmfdist/tex/generic/uniquecounter/uniquecounter.sty
Package: uniquecounter 2019/12/15 v1.4 Provide unlimited unique counter (HO)
)
Package uniquecounter Info: New unique counter `rerunfilecheck' on input line 285.
)
\Hy@SectionHShift=\skip61
) (/nix/store/sc5p4q3ajvk3586nnrj1iw87698zpgwl-texlive-2024-env-texmfdist/tex/latex/float/float.sty
Package: float 2001/11/08 v1.3d Float enhancements (AL)
\c@float@type=\count320
\float@exts=\toks26
\float@box=\box100
\@float@everytoks=\toks27
\@floatcapt=\box101
) (/nix/store/sc5p4q3ajvk3586nnrj1iw87698zpgwl-texlive-2024-env-texmfdist/tex/latex/listings/listings.sty
\lst@mode=\count321
\lst@gtempboxa=\box102
\lst@token=\toks28
\lst@length=\count322
\lst@currlwidth=\dimen197
\lst@column=\count323
\lst@pos=\count324
\lst@lostspace=\dimen198
\lst@width=\dimen199
\lst@newlines=\count325
\lst@lineno=\count326
\lst@maxwidth=\dimen256
 (/nix/store/sc5p4q3ajvk3586nnrj1iw87698zpgwl-texlive-2024-env-texmfdist/tex/latex/listings/lstpatch.sty
File: lstpatch.sty 2024/09/23 1.10c (Carsten Heinz)
) (/nix/store/sc5p4q3ajvk3586nnrj1iw87698zpgwl-texlive-2024-env-texmfdist/tex/latex/listings/lstmisc.sty
File: lstmisc.sty 2024/09/23 1.10c (Carsten Heinz)
\c@lstnumber=\count327
\lst@skipnumbers=\count328
\lst@framebox=\box103
) (/nix/store/sc5p4q3ajvk3586nnrj1iw87698zpgwl-texlive-2024-env-texmfdist/tex/latex/listings/listings.cfg
File: listings.cfg 2024/09/23 1.10c listings configuration
))
Package: listings 2024/09/23 1.10c (Carsten Heinz)
 (/nix/store/sc5p4q3ajvk3586nnrj1iw87698zpgwl-texlive-2024-env-texmfdist/tex/latex/xcolor/xcolor.sty
Package: xcolor 2024/09/29 v3.02 LaTeX color extensions (UK)
 (/nix/store/sc5p4q3ajvk3586nnrj1iw87698zpgwl-texlive-2024-env-texmfdist/tex/latex/graphics-cfg/color.cfg
File: color.cfg 2016/01/02 v1.6 sample color configuration
)
Package xcolor Info: Driver file: pdftex.def on input line 274.
 (/nix/store/sc5p4q3ajvk3586nnrj1iw87698zpgwl-texlive-2024-env-texmfdist/tex/latex/graphics/mathcolor.ltx)
Package xcolor Info: Model `cmy' substituted by `cmy0' on input line 1349.
Package xcolor Info: Model `hsb' substituted by `rgb' on input line 1353.
Package xcolor Info: Model `RGB' extended on input line 1365.
Package xcolor Info: Model `HTML' substituted by `rgb' on input line 1367.
Package xcolor Info: Model `Hsb' substituted by `hsb' on input line 1368.
Package xcolor Info: Model `tHsb' substituted by `hsb' on input line 1369.
Package xcolor Info: Model `HSB' substituted by `hsb' on input line 1370.
Package xcolor Info: Model `Gray' substituted by `gray' on input line 1371.
Package xcolor Info: Model `wave' substituted by `hsb' on input line 1372.
) (/nix/store/sc5p4q3ajvk3586nnrj1iw87698zpgwl-texlive-2024-env-texmfdist/tex/latex/listings/lstlang1.sty
File: lstlang1.sty 2024/09/23 1.10c listings language file
) (/nix/store/sc5p4q3ajvk3586nnrj1iw87698zpgwl-texlive-2024-env-texmfdist/tex/latex/l3backend/l3backend-pdftex.def
File: l3backend-pdftex.def 2024-05-08 L3 backend support: PDF output (pdfTeX)
\l__color_backend_stack_int=\count329
\l__pdf_internal_box=\box104
) (./P1-5255417-relatorio.aux)
\openout1 = `P1-5255417-relatorio.aux'.

LaTeX Font Info:    Checking defaults for OML/cmm/m/it on input line 49.
LaTeX Font Info:    ... okay on input line 49.
LaTeX Font Info:    Checking defaults for OMS/cmsy/m/n on input line 49.
LaTeX Font Info:    ... okay on input line 49.
LaTeX Font Info:    Checking defaults for OT1/cmr/m/n on input line 49.
LaTeX Font Info:    ... okay on input line 49.
LaTeX Font Info:    Checking defaults for T1/cmr/m/n on input line 49.
LaTeX Font Info:    ... okay on input line 49.
LaTeX Font Info:    Checking defaults for TS1/cmr/m/n on input line 49.
LaTeX Font Info:    ... okay on input line 49.
LaTeX Font Info:    Checking defaults for OMX/cmex/m/n on input line 49.
LaTeX Font Info:    ... okay on input line 49.
LaTeX Font Info:    Checking defaults for U/cmr/m/n on input line 49.
LaTeX Font Info:    ... okay on input line 49.
LaTeX Font Info:    Checking defaults for PD1/pdf/m/n on input line 49.
LaTeX Font Info:    ... okay on input line 49.
LaTeX Font Info:    Checking defaults for PU/pdf/m/n on input line 49.
LaTeX Font Info:    ... okay on input line 49.

*geometry* driver: auto-detecting
*geometry* detected driver: pdftex
*geometry* verbose mode - [ preamble ] result:
* driver: pdftex
* paper: a4paper
* layout: <same size as paper>
* layoutoffset:(h,v)=(0.0pt,0.0pt)
* modes: 
* h-part:(L,W,R)=(85.35826pt, 426.79135pt, 85.35826pt)
* v-part:(T,H,B)=(71.13188pt, 702.78308pt, 71.13188pt)
* \paperwidth=597.50787pt
* \paperheight=845.04684pt
* \textwidth=426.79135pt
* \textheight=702.78308pt
* \oddsidemargin=13.08827pt
* \evensidemargin=13.08827pt
* \topmargin=-38.1381pt
* \headheight=12.0pt
* \headsep=25.0pt
* \topskip=12.0pt
* \footskip=30.0pt
* \marginparwidth=35.0pt
* \marginparsep=10.0pt
* \columnsep=10.0pt
* \skip\footins=10.8pt plus 4.0pt minus 2.0pt
* \hoffset=0.0pt
* \voffset=0.0pt
* \mag=1000
* \@twocolumnfalse
* \@twosidefalse
* \@mparswitchfalse
* \@reversemarginfalse
* (1in=72.27pt=25.4mm, 1cm=28.453pt)

(/nix/store/sc5p4q3ajvk3586nnrj1iw87698zpgwl-texlive-2024-env-texmfdist/tex/context/base/mkii/supp-pdf.mkii
[Loading MPS to PDF converter (version 2006.09.02).]
\scratchcounter=\count330
\scratchdimen=\dimen257
\scratchbox=\box105
\nofMPsegments=\count331
\nofMParguments=\count332
\everyMPshowfont=\toks29
\MPscratchCnt=\count333
\MPscratchDim=\dimen258
\MPnumerator=\count334
\makeMPintoPDFobject=\count335
\everyMPtoPDFconversion=\toks30
) (/nix/store/sc5p4q3ajvk3586nnrj1iw87698zpgwl-texlive-2024-env-texmfdist/tex/latex/epstopdf-pkg/epstopdf-base.sty
Package: epstopdf-base 2020-01-24 v2.11 Base part for package epstopdf
Package epstopdf-base Info: Redefining graphics rule for `.eps' on input line 485.
 (/nix/store/sc5p4q3ajvk3586nnrj1iw87698zpgwl-texlive-2024-env-texmfdist/tex/latex/latexconfig/epstopdf-sys.cfg
File: epstopdf-sys.cfg 2010/07/13 v1.3 Configuration of (r)epstopdf for TeX Live
))
Package caption Info: Begin \AtBeginDocument code.
Package caption Info: subfig package v1.3 is loaded.
Package caption Info: float package is loaded.
Package caption Info: hyperref package is loaded.
Package caption Info: listings package is loaded.
Package caption Info: End \AtBeginDocument code.
Package hyperref Info: Link coloring OFF on input line 49.
 (./P1-5255417-relatorio.out) (./P1-5255417-relatorio.out)
\@outlinefile=\write3
\openout3 = `P1-5255417-relatorio.out'.

\c@lstlisting=\count336


[1

{/nix/store/5dm6aqic0wy847ly9l1ag6h5v0rf9d7h-texlive-2024-env/share/texmf-var/fonts/map/pdftex/updmap/pdftex.map}] (./P1-5255417-relatorio.toc)
\tf@toc=\write4
\openout4 = `P1-5255417-relatorio.toc'.




pdfTeX warning (ext4): destination with the same identifier (name{page.1}) has been already used, duplicate ignored
<to be read again> 
                   \relax 
l.78 	\newpage
               [1]

[2{/nix/store/sc5p4q3ajvk3586nnrj1iw87698zpgwl-texlive-2024-env-texmfdist/fonts/enc/dvips/cm-super/cm-super-ts1.enc}]

[3]
<../images/all-plots-0.5.png, id=68, 578.16pt x 361.35pt>
File: ../images/all-plots-0.5.png Graphic file (type png)
<use ../images/all-plots-0.5.png>
Package pdftex.def Info: ../images/all-plots-0.5.png  used on input line 187.
(pdftex.def)             Requested size: 404.70924pt x 252.94327pt.
<../images/all-plots-0.1.png, id=70, 578.16pt x 361.35pt>
File: ../images/all-plots-0.1.png Graphic file (type png)
<use ../images/all-plots-0.1.png>
Package pdftex.def Info: ../images/all-plots-0.1.png  used on input line 193.
(pdftex.def)             Requested size: 404.70924pt x 252.94327pt.
<../images/all-plots-0.01.png, id=71, 578.16pt x 361.35pt>
File: ../images/all-plots-0.01.png Graphic file (type png)
<use ../images/all-plots-0.01.png>
Package pdftex.def Info: ../images/all-plots-0.01.png  used on input line 199.
(pdftex.def)             Requested size: 404.70924pt x 252.94327pt.


[4 <../images/all-plots-0.5.png>]
<../images/all-plots-0.001.png, id=78, 578.16pt x 361.35pt>
File: ../images/all-plots-0.001.png Graphic file (type png)
<use ../images/all-plots-0.001.png>
Package pdftex.def Info: ../images/all-plots-0.001.png  used on input line 205.
(pdftex.def)             Requested size: 404.70924pt x 252.94327pt.
<../images/all-plots-0.0001.png, id=79, 578.16pt x 361.35pt>
File: ../images/all-plots-0.0001.png Graphic file (type png)
<use ../images/all-plots-0.0001.png>
Package pdftex.def Info: ../images/all-plots-0.0001.png  used on input line 211.
(pdftex.def)             Requested size: 404.70924pt x 252.94327pt.


[5 <../images/all-plots-0.1.png> <../images/all-plots-0.01.png>]
<../images/all-plots-1e-05.png, id=88, 578.16pt x 361.35pt>
File: ../images/all-plots-1e-05.png Graphic file (type png)
<use ../images/all-plots-1e-05.png>
Package pdftex.def Info: ../images/all-plots-1e-05.png  used on input line 217.
(pdftex.def)             Requested size: 404.70924pt x 252.94327pt.


[6 <../images/all-plots-0.001.png> <../images/all-plots-0.0001.png>]
LaTeX Font Info:    Trying to load font information for OML+cmr on input line 232.
 (/nix/store/sc5p4q3ajvk3586nnrj1iw87698zpgwl-texlive-2024-env-texmfdist/tex/latex/base/omlcmr.fd
File: omlcmr.fd 2023/04/13 v2.5m Standard LaTeX font definitions
)
LaTeX Font Info:    Font shape `OML/cmr/m/n' in size <12> not available
(Font)              Font shape `OML/cmm/m/it' tried instead on input line 232.


[7 <../images/all-plots-1e-05.png>]

[8]

[9]
<../images/ex3-750-parameters.png, id=115, 212.29312pt x 167.12437pt>
File: ../images/ex3-750-parameters.png Graphic file (type png)
<use ../images/ex3-750-parameters.png>
Package pdftex.def Info: ../images/ex3-750-parameters.png  used on input line 335.
(pdftex.def)             Requested size: 148.60417pt x 116.98625pt.
<../images/ex3-4000-parameters.png, id=116, 203.25937pt x 167.87718pt>
File: ../images/ex3-4000-parameters.png Graphic file (type png)
<use ../images/ex3-4000-parameters.png>
Package pdftex.def Info: ../images/ex3-4000-parameters.png  used on input line 341.
(pdftex.def)             Requested size: 142.28058pt x 117.51321pt.
<../images/ex3-results-750.png, id=117, 722.7pt x 433.62pt>
File: ../images/ex3-results-750.png Graphic file (type png)
<use ../images/ex3-results-750.png>
Package pdftex.def Info: ../images/ex3-results-750.png  used on input line 348.
(pdftex.def)             Requested size: 505.88655pt x 303.53192pt.

Overfull \hbox (79.0952pt too wide) in paragraph at lines 348--349
 [][] 
 []

<../images/ex3-results-4000.png, id=118, 722.7pt x 433.62pt>
File: ../images/ex3-results-4000.png Graphic file (type png)
<use ../images/ex3-results-4000.png>
Package pdftex.def Info: ../images/ex3-results-4000.png  used on input line 354.
(pdftex.def)             Requested size: 505.88655pt x 303.53192pt.

Overfull \hbox (79.0952pt too wide) in paragraph at lines 354--355
 [][] 
 []



[10 <../images/ex3-750-parameters.png> <../images/ex3-4000-parameters.png>]

[11 <../images/ex3-results-750.png> <../images/ex3-results-4000.png>]

[12] (./P1-5255417-relatorio.aux)
 ***********
LaTeX2e <2024-06-01> patch level 2
L3 programming layer <2024-10-09>
 ***********
Package rerunfilecheck Info: File `P1-5255417-relatorio.out' has not changed.
(rerunfilecheck)             Checksum: 9B855A6F3D6E3EAEAC49D3A4E6C68465;944.
 ) 
Here is how much of TeX's memory you used:
 14512 strings out of 473579
 239719 string characters out of 5705100
 838891 words of memory out of 5000000
 37205 multiletter control sequences out of 15000+600000
 563633 words of font info for 55 fonts, out of 8000000 for 9000
 1141 hyphenation exceptions out of 8191
 75i,8n,79p,501b,481s stack positions out of 10000i,1000n,20000p,200000b,200000s
</nix/store/sc5p4q3ajvk3586nnrj1iw87698zpgwl-texlive-2024-env-texmfdist/fonts/type1/public/amsfonts/cm/cmbx12.pfb></nix/store/sc5p4q3ajvk3586nnrj1iw87698zpgwl-texlive-2024-env-texmfdist/fonts/type1/public/amsfonts/cm/cmex10.pfb></nix/store/sc5p4q3ajvk3586nnrj1iw87698zpgwl-texlive-2024-env-texmfdist/fonts/type1/public/amsfonts/cm/cmmi12.pfb></nix/store/sc5p4q3ajvk3586nnrj1iw87698zpgwl-texlive-2024-env-texmfdist/fonts/type1/public/amsfonts/cm/cmmi6.pfb></nix/store/sc5p4q3ajvk3586nnrj1iw87698zpgwl-texlive-2024-env-texmfdist/fonts/type1/public/amsfonts/cm/cmmi8.pfb></nix/store/sc5p4q3ajvk3586nnrj1iw87698zpgwl-texlive-2024-env-texmfdist/fonts/type1/public/amsfonts/cm/cmr12.pfb></nix/store/sc5p4q3ajvk3586nnrj1iw87698zpgwl-texlive-2024-env-texmfdist/fonts/type1/public/amsfonts/cm/cmr17.pfb></nix/store/sc5p4q3ajvk3586nnrj1iw87698zpgwl-texlive-2024-env-texmfdist/fonts/type1/public/amsfonts/cm/cmr6.pfb></nix/store/sc5p4q3ajvk3586nnrj1iw87698zpgwl-texlive-2024-env-texmfdist/fonts/type1/public/amsfonts/cm/cmr8.pfb></nix/store/sc5p4q3ajvk3586nnrj1iw87698zpgwl-texlive-2024-env-texmfdist/fonts/type1/public/amsfonts/cm/cmsy10.pfb></nix/store/sc5p4q3ajvk3586nnrj1iw87698zpgwl-texlive-2024-env-texmfdist/fonts/type1/public/amsfonts/cm/cmsy6.pfb></nix/store/sc5p4q3ajvk3586nnrj1iw87698zpgwl-texlive-2024-env-texmfdist/fonts/type1/public/amsfonts/cm/cmsy8.pfb></nix/store/sc5p4q3ajvk3586nnrj1iw87698zpgwl-texlive-2024-env-texmfdist/fonts/type1/public/cm-super/sfrm1200.pfb>
Output written on P1-5255417-relatorio.pdf (13 pages, 1054264 bytes).
PDF statistics:
 210 PDF objects out of 1000 (max. 8388607)
 147 compressed objects within 2 object streams
 35 named destinations out of 1000 (max. 500000)
 107 words of extra memory for PDF output out of 10000 (max. 10000000)

